<?xml version="1.0" encoding="UTF-8"?>
<!-- Generated by org.testng.reporters.JUnitReportReporter -->
<testsuite hostname="DESKTOP-FJ4DCVT" failures="0" tests="1" name="selenium.Day8.Day8_3" time="1.205" errors="0" timestamp="5 Jun 2023 04:45:10 GMT">
  <testcase classname="selenium.Day8.Day8_3" name="T01" time="1.205"/>
</testsuite> <!-- selenium.Day8.Day8_3 -->
