<?xml version="1.0" encoding="UTF-8"?>
<!-- Generated by org.testng.reporters.JUnitReportReporter -->
<testsuite hostname="DESKTOP-FJ4DCVT" failures="0" tests="1" name="selenium.Day8.Day8_1" time="0.381" errors="0" timestamp="5 Jun 2023 04:50:19 GMT">
  <testcase classname="selenium.Day8.Day8_1" name="T01" time="0.381"/>
</testsuite> <!-- selenium.Day8.Day8_1 -->
