<?xml version="1.0" encoding="UTF-8"?>
<!-- Generated by org.testng.reporters.JUnitReportReporter -->
<testsuite hostname="DESKTOP-FJ4DCVT" failures="0" tests="1" name="selenium.Day8.Day8_2" time="0.376" errors="0" timestamp="5 Jun 2023 04:49:00 GMT">
  <testcase classname="selenium.Day8.Day8_2" name="T01" time="0.376"/>
</testsuite> <!-- selenium.Day8.Day8_2 -->
